<?xml version="1.0" encoding="UTF-8"?>
<!-- Generated by org.testng.reporters.JUnitReportReporter -->
<testsuite hostname="Avanish" failures="0" tests="1" name="Demo.Javascriptcoordinates" time="13.069" errors="0" timestamp="2024-04-18T12:21:57 IST" skipped="0">
  <testcase classname="Demo.Javascriptcoordinates" name="longPressclick" time="13.069"/>
</testsuite> <!-- Demo.Javascriptcoordinates -->
