<?xml version="1.0" encoding="UTF-8"?>
<!-- Generated by org.testng.reporters.JUnitReportReporter -->
<testsuite hostname="Avanish" failures="0" tests="1" name="Demo.Scroll" time="21.116" errors="0" timestamp="2024-04-19T11:37:23 IST" skipped="0">
  <testcase classname="Demo.Scroll" name="scrollView" time="21.116"/>
</testsuite> <!-- Demo.Scroll -->
