<?xml version="1.0" encoding="UTF-8"?>
<!-- Generated by org.testng.reporters.JUnitReportReporter -->
<testsuite hostname="Avanish" failures="0" tests="1" name="Demo.Javascriptlongclick" time="20.239" errors="0" timestamp="2024-04-18T12:16:33 IST" skipped="0">
  <testcase classname="Demo.Javascriptlongclick" name="longPress" time="20.239"/>
</testsuite> <!-- Demo.Javascriptlongclick -->
