<?xml version="1.0" encoding="UTF-8"?>
<!-- Generated by org.testng.reporters.JUnitReportReporter -->
<testsuite hostname="Avanish" failures="0" tests="1" name="Demo.doubleClick" time="19.115" errors="0" timestamp="2024-04-18T16:14:05 IST" skipped="0">
  <testcase classname="Demo.doubleClick" name="clicks" time="19.115"/>
</testsuite> <!-- Demo.doubleClick -->
