<?xml version="1.0" encoding="UTF-8"?>
<!-- Generated by org.testng.reporters.JUnitReportReporter -->
<testsuite hostname="Avanish" failures="0" tests="1" name="Browserstack.demo" time="22.223" errors="0" timestamp="2024-04-23T11:50:01 IST" skipped="0">
  <testcase classname="Browserstack.demo" name="scriptbrowserstack" time="22.223"/>
</testsuite> <!-- Browserstack.demo -->
