<?xml version="1.0" encoding="UTF-8"?>
<!-- Generated by org.testng.reporters.JUnitReportReporter -->
<testsuite hostname="Avanish" failures="0" tests="1" name="Drivers.Context" time="27.826" errors="0" timestamp="2024-04-20T15:09:32 IST" skipped="0">
  <testcase classname="Drivers.Context" name="contextwork" time="27.826"/>
</testsuite> <!-- Drivers.Context -->
