<?xml version="1.0" encoding="UTF-8"?>
<!-- Generated by org.testng.reporters.JUnitReportReporter -->
<testsuite hostname="Avanish" failures="0" tests="1" name="Demo.LaunchApp" time="14.322" errors="0" timestamp="2024-04-17T17:54:01 IST" skipped="0">
  <testcase classname="Demo.LaunchApp" name="demo" time="14.322"/>
</testsuite> <!-- Demo.LaunchApp -->
