<?xml version="1.0" encoding="UTF-8"?>
<!-- Generated by org.testng.reporters.JUnitReportReporter -->
<testsuite hostname="Avanish" failures="0" tests="1" name="Scroll.flipkart" time="122.034" errors="0" timestamp="2024-06-04T15:01:42 IST" skipped="0">
  <testcase classname="Scroll.flipkart" name="gettext" time="122.034"/>
</testsuite> <!-- Scroll.flipkart -->
