<?xml version="1.0" encoding="UTF-8"?>
<!-- Generated by org.testng.reporters.JUnitReportReporter -->
<testsuite hostname="Avanish" failures="0" tests="1" name="Drivers.cCopyfile" time="53.411" errors="0" timestamp="2024-04-20T16:20:59 IST" skipped="0">
  <testcase classname="Drivers.cCopyfile" name="copy" time="53.411"/>
</testsuite> <!-- Drivers.cCopyfile -->
