<?xml version="1.0" encoding="UTF-8"?>
<!-- Generated by org.testng.reporters.JUnitReportReporter -->
<testsuite hostname="Avanish" failures="0" tests="1" name="Drivers.Launchbrowser" time="20.988" errors="0" timestamp="2024-05-06T18:49:28 IST" skipped="0">
  <testcase classname="Drivers.Launchbrowser" name="launchBrowser" time="20.988"/>
</testsuite> <!-- Drivers.Launchbrowser -->
