<?xml version="1.0" encoding="UTF-8"?>
<!-- Generated by org.testng.reporters.JUnitReportReporter -->
<testsuite hostname="Avanish" failures="0" tests="1" name="Browserstack.Mobilewebhashmap" time="18.905" errors="0" timestamp="2024-04-27T15:45:11 IST" skipped="0">
  <testcase classname="Browserstack.Mobilewebhashmap" name="mobilebrowsertesting" time="18.905"/>
</testsuite> <!-- Browserstack.Mobilewebhashmap -->
