<?xml version="1.0" encoding="UTF-8"?>
<!-- Generated by org.testng.reporters.JUnitReportReporter -->
<testsuite hostname="Avanish" failures="0" tests="1" name="Demo.Swipescaleviews" time="12.894" errors="0" timestamp="2024-04-19T11:01:32 IST" skipped="0">
  <testcase classname="Demo.Swipescaleviews" name="swipe" time="12.894"/>
</testsuite> <!-- Demo.Swipescaleviews -->
