<?xml version="1.0" encoding="UTF-8"?>
<!-- Generated by org.testng.reporters.JUnitReportReporter -->
<testsuite hostname="Avanish" failures="0" tests="1" name="Drivers.Driversmethod" time="39.339" errors="1" timestamp="2024-04-19T15:28:38 IST" skipped="0">
  <testcase classname="Drivers.Driversmethod" name="methods" time="39.339">
    <error message="An unknown server-side error occurred while processing the command. Original error: The software keyboard cannot be hidden
Build info: version: &#039;4.13.0&#039;, revision: &#039;ba948ece5b*&#039;
System info: os.name: &#039;Windows 11&#039;, os.arch: &#039;amd64&#039;, os.version: &#039;10.0&#039;, java.version: &#039;20.0.2&#039;
Driver info: io.appium.java_client.android.AndroidDriver
Command: [581bfa45-8671-4352-b246-a7c7cb64a826, executeScript {script=mobile: hideKeyboard, args=[]}]
Capabilities {appium:UDID: LNJV7DSCGAS8LFBU, appium:autoGrantPermisions: true, appium:automationName: uiAutomator2, appium:databaseEnabled: false, appium:desired: {UDID: LNJV7DSCGAS8LFBU, autoGrantPermisions: true, automationName: uiAutomator2, deviceName: vivo 1902, ignoreHiddenApiPolicyError: true, noReset: true, platformName: ANDROID}, appium:deviceApiLevel: 28, appium:deviceManufacturer: vivo, appium:deviceModel: vivo 1902, appium:deviceName: LNJV7DSCGAS8LFBU, appium:deviceScreenDensity: 320, appium:deviceScreenSize: 720x1544, appium:deviceUDID: LNJV7DSCGAS8LFBU, appium:ignoreHiddenApiPolicyError: true, appium:javascriptEnabled: true, appium:locationContextEnabled: false, appium:networkConnectionEnabled: true, appium:noReset: true, appium:pixelRatio: 2, appium:platformVersion: 9, appium:statBarHeight: 56, appium:takesScreenshot: true, appium:viewportRect: {height: 1488, left: 0, top: 56, width: 720}, appium:warnings: {}, appium:webStorageEnabled: false, platformName: ANDROID}
Session ID: 581bfa45-8671-4352-b246-a7c7cb64a826" type="org.openqa.selenium.WebDriverException">
      <![CDATA[org.openqa.selenium.WebDriverException: An unknown server-side error occurred while processing the command. Original error: The software keyboard cannot be hidden
Build info: version: '4.13.0', revision: 'ba948ece5b*'
System info: os.name: 'Windows 11', os.arch: 'amd64', os.version: '10.0', java.version: '20.0.2'
Driver info: io.appium.java_client.android.AndroidDriver
Command: [581bfa45-8671-4352-b246-a7c7cb64a826, executeScript {script=mobile: hideKeyboard, args=[]}]
Capabilities {appium:UDID: LNJV7DSCGAS8LFBU, appium:autoGrantPermisions: true, appium:automationName: uiAutomator2, appium:databaseEnabled: false, appium:desired: {UDID: LNJV7DSCGAS8LFBU, autoGrantPermisions: true, automationName: uiAutomator2, deviceName: vivo 1902, ignoreHiddenApiPolicyError: true, noReset: true, platformName: ANDROID}, appium:deviceApiLevel: 28, appium:deviceManufacturer: vivo, appium:deviceModel: vivo 1902, appium:deviceName: LNJV7DSCGAS8LFBU, appium:deviceScreenDensity: 320, appium:deviceScreenSize: 720x1544, appium:deviceUDID: LNJV7DSCGAS8LFBU, appium:ignoreHiddenApiPolicyError: true, appium:javascriptEnabled: true, appium:locationContextEnabled: false, appium:networkConnectionEnabled: true, appium:noReset: true, appium:pixelRatio: 2, appium:platformVersion: 9, appium:statBarHeight: 56, appium:takesScreenshot: true, appium:viewportRect: {height: 1488, left: 0, top: 56, width: 720}, appium:warnings: {}, appium:webStorageEnabled: false, platformName: ANDROID}
Session ID: 581bfa45-8671-4352-b246-a7c7cb64a826
at java.base/jdk.internal.reflect.DirectConstructorHandleAccessor.newInstance(DirectConstructorHandleAccessor.java:67)
at java.base/java.lang.reflect.Constructor.newInstanceWithCaller(Constructor.java:500)
at java.base/java.lang.reflect.Constructor.newInstance(Constructor.java:484)
at org.openqa.selenium.remote.codec.w3c.W3CHttpResponseCodec.createException(W3CHttpResponseCodec.java:200)
at org.openqa.selenium.remote.codec.w3c.W3CHttpResponseCodec.decode(W3CHttpResponseCodec.java:133)
at org.openqa.selenium.remote.codec.w3c.W3CHttpResponseCodec.decode(W3CHttpResponseCodec.java:52)
at org.openqa.selenium.remote.HttpCommandExecutor.execute(HttpCommandExecutor.java:191)
at io.appium.java_client.remote.AppiumCommandExecutor.execute(AppiumCommandExecutor.java:250)
at org.openqa.selenium.remote.RemoteWebDriver.execute(RemoteWebDriver.java:602)
at org.openqa.selenium.remote.RemoteWebDriver.execute(RemoteWebDriver.java:675)
at io.appium.java_client.AppiumDriver.execute(AppiumDriver.java:308)
at io.appium.java_client.CommandExecutionHelper.execute(CommandExecutionHelper.java:38)
at io.appium.java_client.CommandExecutionHelper.executeScript(CommandExecutionHelper.java:69)
at io.appium.java_client.CommandExecutionHelper.executeScript(CommandExecutionHelper.java:54)
at io.appium.java_client.HidesKeyboard.hideKeyboard(HidesKeyboard.java:35)
at Drivers.Driversmethod.methods(Driversmethod.java:43)
at java.base/jdk.internal.reflect.DirectMethodHandleAccessor.invoke(DirectMethodHandleAccessor.java:104)
at java.base/java.lang.reflect.Method.invoke(Method.java:578)
at org.testng.internal.invokers.MethodInvocationHelper.invokeMethod(MethodInvocationHelper.java:139)
at org.testng.internal.invokers.TestInvoker.invokeMethod(TestInvoker.java:664)
at org.testng.internal.invokers.TestInvoker.invokeTestMethod(TestInvoker.java:227)
at org.testng.internal.invokers.MethodRunner.runInSequence(MethodRunner.java:50)
at org.testng.internal.invokers.TestInvoker$MethodInvocationAgent.invoke(TestInvoker.java:957)
at org.testng.internal.invokers.TestInvoker.invokeTestMethods(TestInvoker.java:200)
at org.testng.internal.invokers.TestMethodWorker.invokeTestMethods(TestMethodWorker.java:148)
at org.testng.internal.invokers.TestMethodWorker.run(TestMethodWorker.java:128)
at java.base/java.util.ArrayList.forEach(ArrayList.java:1511)
at org.testng.TestRunner.privateRun(TestRunner.java:848)
at org.testng.TestRunner.run(TestRunner.java:621)
at org.testng.SuiteRunner.runTest(SuiteRunner.java:443)
at org.testng.SuiteRunner.runSequentially(SuiteRunner.java:437)
at org.testng.SuiteRunner.privateRun(SuiteRunner.java:397)
at org.testng.SuiteRunner.run(SuiteRunner.java:336)
at org.testng.SuiteRunnerWorker.runSuite(SuiteRunnerWorker.java:52)
at org.testng.SuiteRunnerWorker.run(SuiteRunnerWorker.java:95)
at org.testng.TestNG.runSuitesSequentially(TestNG.java:1280)
at org.testng.TestNG.runSuitesLocally(TestNG.java:1200)
at org.testng.TestNG.runSuites(TestNG.java:1114)
at org.testng.TestNG.run(TestNG.java:1082)
at org.testng.remote.AbstractRemoteTestNG.run(AbstractRemoteTestNG.java:115)
at org.testng.remote.RemoteTestNG.initAndRun(RemoteTestNG.java:251)
at org.testng.remote.RemoteTestNG.main(RemoteTestNG.java:77)
]]>
    </error>
  </testcase> <!-- methods -->
</testsuite> <!-- Drivers.Driversmethod -->
