<?xml version="1.0" encoding="UTF-8"?>
<!-- Generated by org.testng.reporters.JUnitReportReporter -->
<testsuite hostname="Avanish" failures="0" tests="1" name="Demo.Zoomin" time="14.000" errors="0" timestamp="2024-04-18T15:25:10 IST" skipped="0">
  <testcase classname="Demo.Zoomin" name="zoomIn" time="14.000"/>
</testsuite> <!-- Demo.Zoomin -->
