<?xml version="1.0" encoding="UTF-8"?>
<!-- Generated by org.testng.reporters.JUnitReportReporter -->
<testsuite hostname="Avanish" failures="0" tests="1" name="Demo.Draganddrop" time="22.123" errors="0" timestamp="2024-04-18T12:59:44 IST" skipped="0">
  <testcase classname="Demo.Draganddrop" name="drag" time="22.123"/>
</testsuite> <!-- Demo.Draganddrop -->
