<?xml version="1.0" encoding="UTF-8"?>
<!-- Generated by org.testng.reporters.JUnitReportReporter -->
<testsuite hostname="Avanish" failures="0" tests="1" name="Demo.Swipegesture" time="16.167" errors="0" timestamp="2024-04-19T10:58:31 IST" skipped="0">
  <testcase classname="Demo.Swipegesture" name="swipe" time="16.167"/>
</testsuite> <!-- Demo.Swipegesture -->
