<?xml version="1.0" encoding="UTF-8"?>
<!-- Generated by org.testng.reporters.JUnitReportReporter -->
<testsuite hostname="Avanish" failures="0" tests="1" name="Drivers.Pressandroidenumkey" time="19.187" errors="0" timestamp="2024-04-19T15:46:15 IST" skipped="0">
  <testcase classname="Drivers.Pressandroidenumkey" name="androidEnumKey" time="19.187"/>
</testsuite> <!-- Drivers.Pressandroidenumkey -->
