<?xml version="1.0" encoding="UTF-8"?>
<!-- Generated by org.testng.reporters.JUnitReportReporter -->
<testsuite hostname="Avanish" failures="0" tests="1" name="Demo.Hmendtoendscenariosmen" time="39.887" errors="0" timestamp="2024-04-24T17:40:33 IST" skipped="0">
  <testcase classname="Demo.Hmendtoendscenariosmen" name="hmMen" time="39.887"/>
</testsuite> <!-- Demo.Hmendtoendscenariosmen -->
