<?xml version="1.0" encoding="UTF-8"?>
<!-- Generated by org.testng.reporters.JUnitReportReporter -->
<testsuite hostname="Avanish" failures="0" tests="1" name="Drivers.Scenariosgeneralstore" time="57.559" errors="0" timestamp="2024-04-22T22:05:11 IST" skipped="0">
  <testcase classname="Drivers.Scenariosgeneralstore" name="scnerios" time="57.559"/>
</testsuite> <!-- Drivers.Scenariosgeneralstore -->
