<?xml version="1.0" encoding="UTF-8"?>
<!-- Generated by org.testng.reporters.JUnitReportReporter -->
<testsuite hostname="Avanish" failures="0" tests="1" name="Demo.Hmassignment" time="23.843" errors="0" timestamp="2024-04-24T21:49:05 IST" skipped="0">
  <testcase classname="Demo.Hmassignment" name="Handm" time="23.843"/>
</testsuite> <!-- Demo.Hmassignment -->
