<?xml version="1.0" encoding="UTF-8"?>
<!-- Generated by org.testng.reporters.JUnitReportReporter -->
<testsuite hostname="Avanish" failures="0" tests="1" name="Demo.Hmendtoendscenariossport" time="42.216" errors="0" timestamp="2024-04-24T17:15:59 IST" skipped="0">
  <testcase classname="Demo.Hmendtoendscenariossport" name="sport" time="42.216"/>
</testsuite> <!-- Demo.Hmendtoendscenariossport -->
