<?xml version="1.0" encoding="UTF-8"?>
<!-- Generated by org.testng.reporters.JUnitReportReporter -->
<testsuite hostname="Avanish" failures="0" tests="1" name="Browserstack.Webbrowserhashmap" time="7.413" errors="0" timestamp="2024-04-23T12:46:12 IST" skipped="0">
  <testcase classname="Browserstack.Webbrowserhashmap" name="webBrowsertesting" time="7.413"/>
</testsuite> <!-- Browserstack.Webbrowserhashmap -->
