<?xml version="1.0" encoding="UTF-8"?>
<!-- Generated by org.testng.reporters.JUnitReportReporter -->
<testsuite hostname="Avanish" failures="0" tests="1" name="Drivers.Drivertogglemethods" time="11.302" errors="0" timestamp="2024-04-20T12:30:23 IST" skipped="0">
  <testcase classname="Drivers.Drivertogglemethods" name="methods" time="11.302"/>
</testsuite> <!-- Drivers.Drivertogglemethods -->
