<?xml version="1.0" encoding="UTF-8"?>
<!-- Generated by org.testng.reporters.JUnitReportReporter -->
<testsuite hostname="Avanish" failures="0" tests="1" name="Drivers.appinstall" time="25.621" errors="0" timestamp="2024-04-19T15:29:56 IST" skipped="0">
  <testcase classname="Drivers.appinstall" name="appinstall" time="25.621"/>
</testsuite> <!-- Drivers.appinstall -->
